[debug] [2018-09-03T08:58:00.865Z] ----------------------------------------------------------------------
[debug] [2018-09-03T08:58:00.867Z] Command:       C:\Program Files\nodejs\node.exe C:\EIEI\CF-DataStrucSystem\node_modules\firebase-tools\bin\firebase serve --only functions
[debug] [2018-09-03T08:58:00.867Z] CLI Version:   3.18.4
[debug] [2018-09-03T08:58:00.867Z] Platform:      win32
[debug] [2018-09-03T08:58:00.867Z] Node Version:  v8.11.4
[debug] [2018-09-03T08:58:00.867Z] Time:          Mon Sep 03 2018 15:58:00 GMT+0700 (SE Asia Standard Time)
[debug] [2018-09-03T08:58:00.867Z] ----------------------------------------------------------------------
[debug] 
[debug] [2018-09-03T08:58:00.888Z] > command requires scopes: ["email","openid","https://www.googleapis.com/auth/cloudplatformprojects.readonly","https://www.googleapis.com/auth/firebase","https://www.googleapis.com/auth/cloud-platform"]
[debug] [2018-09-03T08:58:00.889Z] > authorizing via signed-in user
[debug] [2018-09-03T08:58:00.891Z] > refreshing access token with scopes: ["email","https://www.googleapis.com/auth/cloud-platform","https://www.googleapis.com/auth/cloudplatformprojects.readonly","https://www.googleapis.com/auth/firebase","openid"]
[debug] [2018-09-03T08:58:00.891Z] >>> HTTP REQUEST POST https://www.googleapis.com/oauth2/v3/token  
 { refresh_token: '1/M_M4SdzK7MTvF49ulhz73SZsp40CDZ2nZFqRu8KtXRs',
  client_id: '563584335869-fgrhgmd47bqnekij5i8b5pr03ho849e6.apps.googleusercontent.com',
  client_secret: 'j9iVZfS8kkCEFUPaAeJV0sAi',
  grant_type: 'refresh_token',
  scope: 'email https://www.googleapis.com/auth/cloud-platform https://www.googleapis.com/auth/cloudplatformprojects.readonly https://www.googleapis.com/auth/firebase openid' } 
 Mon Sep 03 2018 15:58:00 GMT+0700 (SE Asia Standard Time)
[debug] [2018-09-03T08:58:01.132Z] <<< HTTP RESPONSE 200
[debug] [2018-09-03T08:58:01.141Z] >>> HTTP REQUEST GET https://admin.firebase.com/v1/projects/vuex-firebase-58fb5  
  
 Mon Sep 03 2018 15:58:01 GMT+0700 (SE Asia Standard Time)
[debug] [2018-09-03T08:58:02.343Z] <<< HTTP RESPONSE 200
[debug] [2018-09-03T08:58:02.344Z] >>> HTTP REQUEST GET https://admin.firebase.com/v1/database/vuex-firebase-58fb5/tokens  
  
 Mon Sep 03 2018 15:58:02 GMT+0700 (SE Asia Standard Time)
[debug] [2018-09-03T08:58:03.201Z] <<< HTTP RESPONSE 200
[debug] [2018-09-03T08:58:03.202Z] >>> HTTP REQUEST GET https://cloudresourcemanager.googleapis.com/v1/projects/vuex-firebase-58fb5  
  
 Mon Sep 03 2018 15:58:03 GMT+0700 (SE Asia Standard Time)
[debug] [2018-09-03T08:58:04.554Z] <<< HTTP RESPONSE 200
[info] 
[info] === Serving from 'C:\EIEI\CF-DataStrucSystem'...
[info] 
[info] i  functions: Preparing to emulate functions.
[debug] [2018-09-03T08:58:06.090Z] Fetching environment
[debug] [2018-09-03T08:58:06.091Z] >>> HTTP REQUEST GET https://mobilesdk-pa.googleapis.com/v1/projects/618202520141:getServerAppConfig  
  
 Mon Sep 03 2018 15:58:06 GMT+0700 (SE Asia Standard Time)
[debug] [2018-09-03T08:58:06.906Z] <<< HTTP RESPONSE 200
[debug] [2018-09-03T08:58:06.906Z] Starting @google-cloud/functions-emulator
[debug] [2018-09-03T08:58:08.938Z] Parsing function triggers
[warn] !  functions: Failed to load functions source code. Ensure that you have the latest SDK by running npm i --save firebase-functions inside the functions directory.
[debug] [2018-09-03T08:58:10.376Z] Error during trigger parsing:  Error parsing triggers: Cannot find module '../utils/functionAdditional'

Try running "npm install" in your functions directory before deploying.
[warn] !  functions: Error from emulator. Error parsing triggers: Cannot find module '../utils/functionAdditional'

Try running "npm install" in your functions directory before deploying.
[debug] [2018-09-03T08:58:10.378Z] 
[info] Shutting down...
[debug] [2018-09-03T08:59:22.333Z] ----------------------------------------------------------------------
[debug] [2018-09-03T08:59:22.335Z] Command:       C:\Program Files\nodejs\node.exe C:\EIEI\CF-DataStrucSystem\node_modules\firebase-tools\bin\firebase serve --only functions
[debug] [2018-09-03T08:59:22.335Z] CLI Version:   3.18.4
[debug] [2018-09-03T08:59:22.335Z] Platform:      win32
[debug] [2018-09-03T08:59:22.335Z] Node Version:  v8.11.4
[debug] [2018-09-03T08:59:22.336Z] Time:          Mon Sep 03 2018 15:59:22 GMT+0700 (SE Asia Standard Time)
[debug] [2018-09-03T08:59:22.336Z] ----------------------------------------------------------------------
[debug] 
[debug] [2018-09-03T08:59:22.343Z] > command requires scopes: ["email","openid","https://www.googleapis.com/auth/cloudplatformprojects.readonly","https://www.googleapis.com/auth/firebase","https://www.googleapis.com/auth/cloud-platform"]
[debug] [2018-09-03T08:59:22.344Z] > authorizing via signed-in user
[debug] [2018-09-03T08:59:22.345Z] >>> HTTP REQUEST GET https://admin.firebase.com/v1/projects/vuex-firebase-58fb5  
  
 Mon Sep 03 2018 15:59:22 GMT+0700 (SE Asia Standard Time)
[debug] [2018-09-03T08:59:23.347Z] <<< HTTP RESPONSE 200
[debug] [2018-09-03T08:59:23.348Z] >>> HTTP REQUEST GET https://admin.firebase.com/v1/database/vuex-firebase-58fb5/tokens  
  
 Mon Sep 03 2018 15:59:23 GMT+0700 (SE Asia Standard Time)
[debug] [2018-09-03T08:59:24.170Z] <<< HTTP RESPONSE 200
[debug] [2018-09-03T08:59:24.170Z] >>> HTTP REQUEST GET https://cloudresourcemanager.googleapis.com/v1/projects/vuex-firebase-58fb5  
  
 Mon Sep 03 2018 15:59:24 GMT+0700 (SE Asia Standard Time)
[debug] [2018-09-03T08:59:25.481Z] <<< HTTP RESPONSE 200
[info] 
[info] === Serving from 'C:\EIEI\CF-DataStrucSystem'...
[info] 
[info] i  functions: Preparing to emulate functions.
[debug] [2018-09-03T08:59:26.126Z] Fetching environment
[debug] [2018-09-03T08:59:26.127Z] >>> HTTP REQUEST GET https://mobilesdk-pa.googleapis.com/v1/projects/618202520141:getServerAppConfig  
  
 Mon Sep 03 2018 15:59:26 GMT+0700 (SE Asia Standard Time)
[debug] [2018-09-03T08:59:27.141Z] <<< HTTP RESPONSE 200
[debug] [2018-09-03T08:59:27.142Z] Starting @google-cloud/functions-emulator
[debug] [2018-09-03T08:59:29.193Z] Parsing function triggers
[info] +  functions: app: http://localhost:5000/vuex-firebase-58fb5/us-central1/app
[info] Shutting down...
[debug] [2018-09-03T09:00:51.071Z] ----------------------------------------------------------------------
[debug] [2018-09-03T09:00:51.073Z] Command:       C:\Program Files\nodejs\node.exe C:\EIEI\CF-DataStrucSystem\node_modules\firebase-tools\bin\firebase serve --only functions
[debug] [2018-09-03T09:00:51.073Z] CLI Version:   3.18.4
[debug] [2018-09-03T09:00:51.073Z] Platform:      win32
[debug] [2018-09-03T09:00:51.073Z] Node Version:  v8.11.4
[debug] [2018-09-03T09:00:51.074Z] Time:          Mon Sep 03 2018 16:00:51 GMT+0700 (SE Asia Standard Time)
[debug] [2018-09-03T09:00:51.074Z] ----------------------------------------------------------------------
[debug] 
[debug] [2018-09-03T09:00:51.081Z] > command requires scopes: ["email","openid","https://www.googleapis.com/auth/cloudplatformprojects.readonly","https://www.googleapis.com/auth/firebase","https://www.googleapis.com/auth/cloud-platform"]
[debug] [2018-09-03T09:00:51.081Z] > authorizing via signed-in user
[debug] [2018-09-03T09:00:51.083Z] >>> HTTP REQUEST GET https://admin.firebase.com/v1/projects/vuex-firebase-58fb5  
  
 Mon Sep 03 2018 16:00:51 GMT+0700 (SE Asia Standard Time)
[debug] [2018-09-03T09:00:52.088Z] <<< HTTP RESPONSE 200
[debug] [2018-09-03T09:00:52.090Z] >>> HTTP REQUEST GET https://admin.firebase.com/v1/database/vuex-firebase-58fb5/tokens  
  
 Mon Sep 03 2018 16:00:52 GMT+0700 (SE Asia Standard Time)
[debug] [2018-09-03T09:00:52.945Z] <<< HTTP RESPONSE 200
[debug] [2018-09-03T09:00:52.948Z] >>> HTTP REQUEST GET https://cloudresourcemanager.googleapis.com/v1/projects/vuex-firebase-58fb5  
  
 Mon Sep 03 2018 16:00:52 GMT+0700 (SE Asia Standard Time)
[debug] [2018-09-03T09:00:54.274Z] <<< HTTP RESPONSE 200
[info] 
[info] === Serving from 'C:\EIEI\CF-DataStrucSystem'...
[info] 
[info] i  functions: Preparing to emulate functions.
[debug] [2018-09-03T09:00:54.863Z] Fetching environment
[debug] [2018-09-03T09:00:54.866Z] >>> HTTP REQUEST GET https://mobilesdk-pa.googleapis.com/v1/projects/618202520141:getServerAppConfig  
  
 Mon Sep 03 2018 16:00:54 GMT+0700 (SE Asia Standard Time)
[debug] [2018-09-03T09:00:55.580Z] <<< HTTP RESPONSE 200
[debug] [2018-09-03T09:00:55.581Z] Starting @google-cloud/functions-emulator
[debug] [2018-09-03T09:00:57.120Z] Parsing function triggers
[info] +  functions: app: http://localhost:5000/vuex-firebase-58fb5/us-central1/app
[info] Shutting down...
[debug] [2018-09-03T09:15:20.180Z] ----------------------------------------------------------------------
[debug] [2018-09-03T09:15:20.182Z] Command:       C:\Program Files\nodejs\node.exe C:\EIEI\CF-DataStrucSystem\node_modules\firebase-tools\bin\firebase serve --only functions
[debug] [2018-09-03T09:15:20.183Z] CLI Version:   3.18.4
[debug] [2018-09-03T09:15:20.183Z] Platform:      win32
[debug] [2018-09-03T09:15:20.183Z] Node Version:  v8.11.4
[debug] [2018-09-03T09:15:20.185Z] Time:          Mon Sep 03 2018 16:15:20 GMT+0700 (SE Asia Standard Time)
[debug] [2018-09-03T09:15:20.185Z] ----------------------------------------------------------------------
[debug] 
[debug] [2018-09-03T09:15:20.207Z] > command requires scopes: ["email","openid","https://www.googleapis.com/auth/cloudplatformprojects.readonly","https://www.googleapis.com/auth/firebase","https://www.googleapis.com/auth/cloud-platform"]
[debug] [2018-09-03T09:15:20.208Z] > authorizing via signed-in user
[debug] [2018-09-03T09:15:20.212Z] >>> HTTP REQUEST GET https://admin.firebase.com/v1/projects/vuex-firebase-58fb5  
  
 Mon Sep 03 2018 16:15:20 GMT+0700 (SE Asia Standard Time)
[debug] [2018-09-03T09:15:21.389Z] <<< HTTP RESPONSE 200
[debug] [2018-09-03T09:15:21.390Z] >>> HTTP REQUEST GET https://admin.firebase.com/v1/database/vuex-firebase-58fb5/tokens  
  
 Mon Sep 03 2018 16:15:21 GMT+0700 (SE Asia Standard Time)
[debug] [2018-09-03T09:15:22.304Z] <<< HTTP RESPONSE 200
[debug] [2018-09-03T09:15:22.304Z] >>> HTTP REQUEST GET https://cloudresourcemanager.googleapis.com/v1/projects/vuex-firebase-58fb5  
  
 Mon Sep 03 2018 16:15:22 GMT+0700 (SE Asia Standard Time)
[debug] [2018-09-03T09:15:23.667Z] <<< HTTP RESPONSE 200
[info] 
[info] === Serving from 'C:\EIEI\CF-DataStrucSystem'...
[info] 
[info] i  functions: Preparing to emulate functions.
[debug] [2018-09-03T09:15:24.657Z] Fetching environment
[debug] [2018-09-03T09:15:24.659Z] >>> HTTP REQUEST GET https://mobilesdk-pa.googleapis.com/v1/projects/618202520141:getServerAppConfig  
  
 Mon Sep 03 2018 16:15:24 GMT+0700 (SE Asia Standard Time)
[debug] [2018-09-03T09:15:25.379Z] <<< HTTP RESPONSE 200
[debug] [2018-09-03T09:15:25.379Z] Starting @google-cloud/functions-emulator
[debug] [2018-09-03T09:15:26.911Z] Parsing function triggers
[info] +  functions: app: http://localhost:5000/vuex-firebase-58fb5/us-central1/app
[info] Shutting down...
[debug] [2018-09-03T09:20:39.765Z] ----------------------------------------------------------------------
[debug] [2018-09-03T09:20:39.767Z] Command:       C:\Program Files\nodejs\node.exe C:\EIEI\CF-DataStrucSystem\node_modules\firebase-tools\bin\firebase serve --only functions
[debug] [2018-09-03T09:20:39.767Z] CLI Version:   3.18.4
[debug] [2018-09-03T09:20:39.767Z] Platform:      win32
[debug] [2018-09-03T09:20:39.767Z] Node Version:  v8.11.4
[debug] [2018-09-03T09:20:39.768Z] Time:          Mon Sep 03 2018 16:20:39 GMT+0700 (SE Asia Standard Time)
[debug] [2018-09-03T09:20:39.768Z] ----------------------------------------------------------------------
[debug] 
[debug] [2018-09-03T09:20:39.775Z] > command requires scopes: ["email","openid","https://www.googleapis.com/auth/cloudplatformprojects.readonly","https://www.googleapis.com/auth/firebase","https://www.googleapis.com/auth/cloud-platform"]
[debug] [2018-09-03T09:20:39.775Z] > authorizing via signed-in user
[debug] [2018-09-03T09:20:39.777Z] >>> HTTP REQUEST GET https://admin.firebase.com/v1/projects/vuex-firebase-58fb5  
  
 Mon Sep 03 2018 16:20:39 GMT+0700 (SE Asia Standard Time)
[debug] [2018-09-03T09:20:40.935Z] <<< HTTP RESPONSE 200
[debug] [2018-09-03T09:20:40.935Z] >>> HTTP REQUEST GET https://admin.firebase.com/v1/database/vuex-firebase-58fb5/tokens  
  
 Mon Sep 03 2018 16:20:40 GMT+0700 (SE Asia Standard Time)
[debug] [2018-09-03T09:20:41.825Z] <<< HTTP RESPONSE 200
[debug] [2018-09-03T09:20:41.827Z] >>> HTTP REQUEST GET https://cloudresourcemanager.googleapis.com/v1/projects/vuex-firebase-58fb5  
  
 Mon Sep 03 2018 16:20:41 GMT+0700 (SE Asia Standard Time)
[debug] [2018-09-03T09:20:43.134Z] <<< HTTP RESPONSE 200
[info] 
[info] === Serving from 'C:\EIEI\CF-DataStrucSystem'...
[info] 
[info] i  functions: Preparing to emulate functions.
[debug] [2018-09-03T09:20:43.847Z] Fetching environment
[debug] [2018-09-03T09:20:43.849Z] >>> HTTP REQUEST GET https://mobilesdk-pa.googleapis.com/v1/projects/618202520141:getServerAppConfig  
  
 Mon Sep 03 2018 16:20:43 GMT+0700 (SE Asia Standard Time)
[debug] [2018-09-03T09:20:44.594Z] <<< HTTP RESPONSE 200
[debug] [2018-09-03T09:20:44.594Z] Starting @google-cloud/functions-emulator
[debug] [2018-09-03T09:20:46.138Z] Parsing function triggers
[info] +  functions: app: http://localhost:5000/vuex-firebase-58fb5/us-central1/app
[info] Shutting down...
[debug] [2018-09-03T09:22:34.324Z] ----------------------------------------------------------------------
[debug] [2018-09-03T09:22:34.326Z] Command:       C:\Program Files\nodejs\node.exe C:\EIEI\CF-DataStrucSystem\node_modules\firebase-tools\bin\firebase serve --only functions
[debug] [2018-09-03T09:22:34.326Z] CLI Version:   3.18.4
[debug] [2018-09-03T09:22:34.326Z] Platform:      win32
[debug] [2018-09-03T09:22:34.326Z] Node Version:  v8.11.4
[debug] [2018-09-03T09:22:34.326Z] Time:          Mon Sep 03 2018 16:22:34 GMT+0700 (SE Asia Standard Time)
[debug] [2018-09-03T09:22:34.326Z] ----------------------------------------------------------------------
[debug] 
[debug] [2018-09-03T09:22:34.333Z] > command requires scopes: ["email","openid","https://www.googleapis.com/auth/cloudplatformprojects.readonly","https://www.googleapis.com/auth/firebase","https://www.googleapis.com/auth/cloud-platform"]
[debug] [2018-09-03T09:22:34.334Z] > authorizing via signed-in user
[debug] [2018-09-03T09:22:34.335Z] >>> HTTP REQUEST GET https://admin.firebase.com/v1/projects/vuex-firebase-58fb5  
  
 Mon Sep 03 2018 16:22:34 GMT+0700 (SE Asia Standard Time)
[debug] [2018-09-03T09:22:35.323Z] <<< HTTP RESPONSE 200
[debug] [2018-09-03T09:22:35.323Z] >>> HTTP REQUEST GET https://admin.firebase.com/v1/database/vuex-firebase-58fb5/tokens  
  
 Mon Sep 03 2018 16:22:35 GMT+0700 (SE Asia Standard Time)
[debug] [2018-09-03T09:22:36.113Z] <<< HTTP RESPONSE 200
[debug] [2018-09-03T09:22:36.114Z] >>> HTTP REQUEST GET https://cloudresourcemanager.googleapis.com/v1/projects/vuex-firebase-58fb5  
  
 Mon Sep 03 2018 16:22:36 GMT+0700 (SE Asia Standard Time)
[debug] [2018-09-03T09:22:37.419Z] <<< HTTP RESPONSE 200
[info] 
[info] === Serving from 'C:\EIEI\CF-DataStrucSystem'...
[info] 
[info] i  functions: Preparing to emulate functions.
[debug] [2018-09-03T09:22:38.085Z] Fetching environment
[debug] [2018-09-03T09:22:38.087Z] >>> HTTP REQUEST GET https://mobilesdk-pa.googleapis.com/v1/projects/618202520141:getServerAppConfig  
  
 Mon Sep 03 2018 16:22:38 GMT+0700 (SE Asia Standard Time)
[debug] [2018-09-03T09:22:38.849Z] <<< HTTP RESPONSE 200
[debug] [2018-09-03T09:22:38.850Z] Starting @google-cloud/functions-emulator
[debug] [2018-09-03T09:22:40.391Z] Parsing function triggers
[info] +  functions: app: http://localhost:5000/vuex-firebase-58fb5/us-central1/app
[info] Shutting down...
[debug] [2018-09-03T09:26:27.016Z] ----------------------------------------------------------------------
[debug] [2018-09-03T09:26:27.018Z] Command:       C:\Program Files\nodejs\node.exe C:\EIEI\CF-DataStrucSystem\node_modules\firebase-tools\bin\firebase serve --only functions
[debug] [2018-09-03T09:26:27.018Z] CLI Version:   3.18.4
[debug] [2018-09-03T09:26:27.018Z] Platform:      win32
[debug] [2018-09-03T09:26:27.018Z] Node Version:  v8.11.4
[debug] [2018-09-03T09:26:27.019Z] Time:          Mon Sep 03 2018 16:26:27 GMT+0700 (SE Asia Standard Time)
[debug] [2018-09-03T09:26:27.019Z] ----------------------------------------------------------------------
[debug] 
[debug] [2018-09-03T09:26:27.026Z] > command requires scopes: ["email","openid","https://www.googleapis.com/auth/cloudplatformprojects.readonly","https://www.googleapis.com/auth/firebase","https://www.googleapis.com/auth/cloud-platform"]
[debug] [2018-09-03T09:26:27.027Z] > authorizing via signed-in user
[debug] [2018-09-03T09:26:27.028Z] >>> HTTP REQUEST GET https://admin.firebase.com/v1/projects/vuex-firebase-58fb5  
  
 Mon Sep 03 2018 16:26:27 GMT+0700 (SE Asia Standard Time)
[debug] [2018-09-03T09:26:28.168Z] <<< HTTP RESPONSE 200
[debug] [2018-09-03T09:26:28.169Z] >>> HTTP REQUEST GET https://admin.firebase.com/v1/database/vuex-firebase-58fb5/tokens  
  
 Mon Sep 03 2018 16:26:28 GMT+0700 (SE Asia Standard Time)
[debug] [2018-09-03T09:26:29.077Z] <<< HTTP RESPONSE 200
[debug] [2018-09-03T09:26:29.079Z] >>> HTTP REQUEST GET https://cloudresourcemanager.googleapis.com/v1/projects/vuex-firebase-58fb5  
  
 Mon Sep 03 2018 16:26:29 GMT+0700 (SE Asia Standard Time)
[debug] [2018-09-03T09:26:30.377Z] <<< HTTP RESPONSE 200
[info] 
[info] === Serving from 'C:\EIEI\CF-DataStrucSystem'...
[info] 
[info] i  functions: Preparing to emulate functions.
[debug] [2018-09-03T09:26:31.012Z] Fetching environment
[debug] [2018-09-03T09:26:31.013Z] >>> HTTP REQUEST GET https://mobilesdk-pa.googleapis.com/v1/projects/618202520141:getServerAppConfig  
  
 Mon Sep 03 2018 16:26:31 GMT+0700 (SE Asia Standard Time)
[debug] [2018-09-03T09:26:32.114Z] <<< HTTP RESPONSE 200
[debug] [2018-09-03T09:26:32.115Z] Starting @google-cloud/functions-emulator
[debug] [2018-09-03T09:26:33.657Z] Parsing function triggers
[info] +  functions: app: http://localhost:5000/vuex-firebase-58fb5/us-central1/app
[info] Shutting down...
[debug] [2018-09-03T09:33:06.587Z] ----------------------------------------------------------------------
[debug] [2018-09-03T09:33:06.589Z] Command:       C:\Program Files\nodejs\node.exe C:\EIEI\CF-DataStrucSystem\node_modules\firebase-tools\bin\firebase serve --only functions
[debug] [2018-09-03T09:33:06.589Z] CLI Version:   3.18.4
[debug] [2018-09-03T09:33:06.589Z] Platform:      win32
[debug] [2018-09-03T09:33:06.589Z] Node Version:  v8.11.4
[debug] [2018-09-03T09:33:06.590Z] Time:          Mon Sep 03 2018 16:33:06 GMT+0700 (SE Asia Standard Time)
[debug] [2018-09-03T09:33:06.590Z] ----------------------------------------------------------------------
[debug] 
[debug] [2018-09-03T09:33:06.600Z] > command requires scopes: ["email","openid","https://www.googleapis.com/auth/cloudplatformprojects.readonly","https://www.googleapis.com/auth/firebase","https://www.googleapis.com/auth/cloud-platform"]
[debug] [2018-09-03T09:33:06.601Z] > authorizing via signed-in user
[debug] [2018-09-03T09:33:06.602Z] >>> HTTP REQUEST GET https://admin.firebase.com/v1/projects/vuex-firebase-58fb5  
  
 Mon Sep 03 2018 16:33:06 GMT+0700 (SE Asia Standard Time)
[debug] [2018-09-03T09:33:07.749Z] <<< HTTP RESPONSE 200
[debug] [2018-09-03T09:33:07.750Z] >>> HTTP REQUEST GET https://admin.firebase.com/v1/database/vuex-firebase-58fb5/tokens  
  
 Mon Sep 03 2018 16:33:07 GMT+0700 (SE Asia Standard Time)
[debug] [2018-09-03T09:33:08.550Z] <<< HTTP RESPONSE 200
[debug] [2018-09-03T09:33:08.552Z] >>> HTTP REQUEST GET https://cloudresourcemanager.googleapis.com/v1/projects/vuex-firebase-58fb5  
  
 Mon Sep 03 2018 16:33:08 GMT+0700 (SE Asia Standard Time)
[debug] [2018-09-03T09:33:09.852Z] <<< HTTP RESPONSE 200
[info] 
[info] === Serving from 'C:\EIEI\CF-DataStrucSystem'...
[info] 
[info] i  functions: Preparing to emulate functions.
[debug] [2018-09-03T09:33:10.946Z] Fetching environment
[debug] [2018-09-03T09:33:10.947Z] >>> HTTP REQUEST GET https://mobilesdk-pa.googleapis.com/v1/projects/618202520141:getServerAppConfig  
  
 Mon Sep 03 2018 16:33:10 GMT+0700 (SE Asia Standard Time)
[debug] [2018-09-03T09:33:11.775Z] <<< HTTP RESPONSE 200
[debug] [2018-09-03T09:33:11.775Z] Starting @google-cloud/functions-emulator
[debug] [2018-09-03T09:33:13.804Z] Parsing function triggers
[info] +  functions: app: http://localhost:5000/vuex-firebase-58fb5/us-central1/app
[info] Shutting down...
[debug] [2018-09-03T09:38:58.048Z] ----------------------------------------------------------------------
[debug] [2018-09-03T09:38:58.050Z] Command:       C:\Program Files\nodejs\node.exe C:\EIEI\CF-DataStrucSystem\node_modules\firebase-tools\bin\firebase serve --only functions
[debug] [2018-09-03T09:38:58.050Z] CLI Version:   3.18.4
[debug] [2018-09-03T09:38:58.050Z] Platform:      win32
[debug] [2018-09-03T09:38:58.050Z] Node Version:  v8.11.4
[debug] [2018-09-03T09:38:58.050Z] Time:          Mon Sep 03 2018 16:38:58 GMT+0700 (SE Asia Standard Time)
[debug] [2018-09-03T09:38:58.050Z] ----------------------------------------------------------------------
[debug] 
[debug] [2018-09-03T09:38:58.060Z] > command requires scopes: ["email","openid","https://www.googleapis.com/auth/cloudplatformprojects.readonly","https://www.googleapis.com/auth/firebase","https://www.googleapis.com/auth/cloud-platform"]
[debug] [2018-09-03T09:38:58.061Z] > authorizing via signed-in user
[debug] [2018-09-03T09:38:58.063Z] >>> HTTP REQUEST GET https://admin.firebase.com/v1/projects/vuex-firebase-58fb5  
  
 Mon Sep 03 2018 16:38:58 GMT+0700 (SE Asia Standard Time)
[debug] [2018-09-03T09:38:59.309Z] <<< HTTP RESPONSE 200
[debug] [2018-09-03T09:38:59.309Z] >>> HTTP REQUEST GET https://admin.firebase.com/v1/database/vuex-firebase-58fb5/tokens  
  
 Mon Sep 03 2018 16:38:59 GMT+0700 (SE Asia Standard Time)
[debug] [2018-09-03T09:39:00.139Z] <<< HTTP RESPONSE 200
[debug] [2018-09-03T09:39:00.141Z] >>> HTTP REQUEST GET https://cloudresourcemanager.googleapis.com/v1/projects/vuex-firebase-58fb5  
  
 Mon Sep 03 2018 16:39:00 GMT+0700 (SE Asia Standard Time)
[debug] [2018-09-03T09:39:01.434Z] <<< HTTP RESPONSE 200
[info] 
[info] === Serving from 'C:\EIEI\CF-DataStrucSystem'...
[info] 
[info] i  functions: Preparing to emulate functions.
[debug] [2018-09-03T09:39:02.025Z] Fetching environment
[debug] [2018-09-03T09:39:02.028Z] >>> HTTP REQUEST GET https://mobilesdk-pa.googleapis.com/v1/projects/618202520141:getServerAppConfig  
  
 Mon Sep 03 2018 16:39:02 GMT+0700 (SE Asia Standard Time)
[debug] [2018-09-03T09:39:02.941Z] <<< HTTP RESPONSE 200
[debug] [2018-09-03T09:39:02.942Z] Starting @google-cloud/functions-emulator
[debug] [2018-09-03T09:39:04.482Z] Parsing function triggers
[info] +  functions: app: http://localhost:5000/vuex-firebase-58fb5/us-central1/app
[info] Shutting down...
[debug] [2018-09-03T10:17:34.723Z] ----------------------------------------------------------------------
[debug] [2018-09-03T10:17:34.725Z] Command:       C:\Program Files\nodejs\node.exe C:\EIEI\CF-DataStrucSystem\node_modules\firebase-tools\bin\firebase serve --only functions
[debug] [2018-09-03T10:17:34.725Z] CLI Version:   3.18.4
[debug] [2018-09-03T10:17:34.725Z] Platform:      win32
[debug] [2018-09-03T10:17:34.725Z] Node Version:  v8.11.4
[debug] [2018-09-03T10:17:34.725Z] Time:          Mon Sep 03 2018 17:17:34 GMT+0700 (SE Asia Standard Time)
[debug] [2018-09-03T10:17:34.725Z] ----------------------------------------------------------------------
[debug] 
[debug] [2018-09-03T10:17:34.733Z] > command requires scopes: ["email","openid","https://www.googleapis.com/auth/cloudplatformprojects.readonly","https://www.googleapis.com/auth/firebase","https://www.googleapis.com/auth/cloud-platform"]
[debug] [2018-09-03T10:17:34.733Z] > authorizing via signed-in user
[debug] [2018-09-03T10:17:34.735Z] > refreshing access token with scopes: ["email","https://www.googleapis.com/auth/cloud-platform","https://www.googleapis.com/auth/cloudplatformprojects.readonly","https://www.googleapis.com/auth/firebase","openid"]
[debug] [2018-09-03T10:17:34.735Z] >>> HTTP REQUEST POST https://www.googleapis.com/oauth2/v3/token  
 { refresh_token: '1/M_M4SdzK7MTvF49ulhz73SZsp40CDZ2nZFqRu8KtXRs',
  client_id: '563584335869-fgrhgmd47bqnekij5i8b5pr03ho849e6.apps.googleusercontent.com',
  client_secret: 'j9iVZfS8kkCEFUPaAeJV0sAi',
  grant_type: 'refresh_token',
  scope: 'email https://www.googleapis.com/auth/cloud-platform https://www.googleapis.com/auth/cloudplatformprojects.readonly https://www.googleapis.com/auth/firebase openid' } 
 Mon Sep 03 2018 17:17:34 GMT+0700 (SE Asia Standard Time)
[debug] [2018-09-03T10:17:35.115Z] <<< HTTP RESPONSE 200
[debug] [2018-09-03T10:17:35.128Z] >>> HTTP REQUEST GET https://admin.firebase.com/v1/projects/vuex-firebase-58fb5  
  
 Mon Sep 03 2018 17:17:35 GMT+0700 (SE Asia Standard Time)
[debug] [2018-09-03T10:17:36.127Z] <<< HTTP RESPONSE 200
[debug] [2018-09-03T10:17:36.128Z] >>> HTTP REQUEST GET https://admin.firebase.com/v1/database/vuex-firebase-58fb5/tokens  
  
 Mon Sep 03 2018 17:17:36 GMT+0700 (SE Asia Standard Time)
[debug] [2018-09-03T10:17:36.930Z] <<< HTTP RESPONSE 200
[debug] [2018-09-03T10:17:36.931Z] >>> HTTP REQUEST GET https://cloudresourcemanager.googleapis.com/v1/projects/vuex-firebase-58fb5  
  
 Mon Sep 03 2018 17:17:36 GMT+0700 (SE Asia Standard Time)
[debug] [2018-09-03T10:17:38.285Z] <<< HTTP RESPONSE 200
[info] 
[info] === Serving from 'C:\EIEI\CF-DataStrucSystem'...
[info] 
[info] i  functions: Preparing to emulate functions.
[debug] [2018-09-03T10:17:39.003Z] Fetching environment
[debug] [2018-09-03T10:17:39.005Z] >>> HTTP REQUEST GET https://mobilesdk-pa.googleapis.com/v1/projects/618202520141:getServerAppConfig  
  
 Mon Sep 03 2018 17:17:39 GMT+0700 (SE Asia Standard Time)
[debug] [2018-09-03T10:17:39.748Z] <<< HTTP RESPONSE 200
[debug] [2018-09-03T10:17:39.748Z] Starting @google-cloud/functions-emulator
[debug] [2018-09-03T10:17:41.270Z] Parsing function triggers
[info] +  functions: app: http://localhost:5000/vuex-firebase-58fb5/us-central1/app
[info] Shutting down...
